<?xml version="1.0" encoding="UTF-8"?>
<!-- Generated by org.testng.reporters.JUnitReportReporter -->
<testsuite hostname="DESKTOP-C68H35F" failures="0" tests="1" name="com.Hydro.utilities.Report4" time="0.780" errors="0" timestamp="2023-07-28T18:22:09 IST" skipped="0">
  <testcase classname="com.Hydro.utilities.Report4" name="generateReport" time="0.780"/>
  <system-out/>
</testsuite> <!-- com.Hydro.utilities.Report4 -->
