<?xml version="1.0" encoding="UTF-8"?>
<!-- Generated by org.testng.reporters.JUnitReportReporter -->
<testsuite hostname="DESKTOP-C68H35F" failures="0" tests="1" name="com.Hydro.testcases.Test3" time="0.009" errors="0" timestamp="2023-08-02T10:13:42 IST" skipped="0">
  <testcase classname="com.Hydro.testcases.Test3" name="testMethod3" time="0.009"/>
  <system-out/>
</testsuite> <!-- com.Hydro.testcases.Test3 -->
