<?xml version="1.0" encoding="UTF-8"?>
<!-- Generated by org.testng.reporters.JUnitReportReporter -->
<testsuite hostname="DESKTOP-C68H35F" failures="0" tests="1" name="com.Hydro.testcases.tc_Login_03" time="1.628" errors="0" timestamp="2023-08-10T13:35:49 IST" skipped="0">
  <testcase classname="com.Hydro.testcases.tc_Login_03" name="loginTest" time="1.628"/>
  <system-out/>
</testsuite> <!-- com.Hydro.testcases.tc_Login_03 -->
